[italian:48] INFO:Processing data/italian/adhoc.verbs.conllu into data/italian/adhoc.verbs.out.conllu
[italian:59] INFO:Processing sentence id: isst_tanl-52
[italian:60] INFO:Sentence content: Negli ambienti giudiziari si tende ad accreditare la tesi di una leggerezza, escludendo che il militare volesse veramente mettere in pericolo l'incolumità del presidente Scalfaro.
[italian:77] DEBUG:Removed punctuation: In gli ambienti giudiziari si tende ad accreditare la tesi di una leggerezza escludendo che il militare volesse veramente mettere in pericolo l' incolumità di il presidente Scalfaro
[italian:118] INFO:Processing head dict_values([1, 'In', 'in', 'ADP', 'E', None, 3, 'case', None, None, defaultdict(<class 'set'>, {}), False]) with children ''
[italian:118] INFO:Processing head dict_values([2, 'gli', 'il', 'DET', 'RD', {'Definite': 'Def', 'Gender': 'Masc', 'Number': 'Plur', 'PronType': 'Art'}, 3, 'det', None, None, defaultdict(<class 'set'>, {}), False]) with children ''
[italian:118] INFO:Processing head dict_values([4, 'giudiziari', 'giudiziario', 'ADJ', 'A', {'Gender': 'Masc', 'Number': 'Plur'}, 3, 'amod', None, None, defaultdict(<class 'set'>, {}), False]) with children ''
[adjs:11] DEBUG:Setting giudiziari/ADJ to content and copying its features
[italian:118] INFO:Processing head dict_values([3, 'ambienti', 'ambiente', 'NOUN', 'S', {'Gender': 'Masc', 'Number': 'Plur'}, 6, 'obl', None, None, defaultdict(<class 'set'>, {}), False]) with children 'In | gli'
[nouns:10] DEBUG:Setting ambienti/NOUN to content and copying its features
[nouns:15] INFO:Examining child: dict_values([1, 'In', 'in', 'ADP', 'E', None, 3, 'case', None, None, defaultdict(<class 'set'>, {}), False])
[nouns:90] DEBUG:Adding Case feature with value Ine
[nouns:15] INFO:Examining child: dict_values([2, 'gli', 'il', 'DET', 'RD', {'Definite': 'Def', 'Gender': 'Masc', 'Number': 'Plur', 'PronType': 'Art'}, 3, 'det', None, None, defaultdict(<class 'set'>, {}), False])
[nouns:44] DEBUG:Adding Gender feature with value Masc
[nouns:47] DEBUG:Adding Number feature with value Plur
[nouns:53] DEBUG:Adding Definite feature with value Def
[italian:118] INFO:Processing head dict_values([5, 'si', 'si', 'PRON', 'PC', {'Clitic': 'Yes', 'Person': '3', 'PronType': 'Prs'}, 6, 'expl:impers', None, None, defaultdict(<class 'set'>, {}), False]) with children ''
[nouns:10] DEBUG:Setting si/PRON to content and copying its features
[italian:118] INFO:Processing head dict_values([7, 'ad', 'a', 'ADP', 'E', None, 8, 'mark', None, None, defaultdict(<class 'set'>, {}), False]) with children ''
[italian:118] INFO:Processing head dict_values([9, 'la', 'il', 'DET', 'RD', {'Definite': 'Def', 'Gender': 'Fem', 'Number': 'Sing', 'PronType': 'Art'}, 10, 'det', None, None, defaultdict(<class 'set'>, {}), False]) with children ''
[italian:118] INFO:Processing head dict_values([11, 'di', 'di', 'ADP', 'E', None, 13, 'case', None, None, defaultdict(<class 'set'>, {}), False]) with children ''
[italian:118] INFO:Processing head dict_values([12, 'una', 'uno', 'DET', 'RI', {'Definite': 'Ind', 'Gender': 'Fem', 'Number': 'Sing', 'PronType': 'Art'}, 13, 'det', None, None, defaultdict(<class 'set'>, {}), False]) with children ''
[italian:118] INFO:Processing head dict_values([13, 'leggerezza', 'leggerezza', 'NOUN', 'S', {'Gender': 'Fem', 'Number': 'Sing'}, 10, 'nmod', None, {'SpaceAfter': 'No'}, defaultdict(<class 'set'>, {}), False]) with children 'di | una'
[nouns:10] DEBUG:Setting leggerezza/NOUN to content and copying its features
[nouns:15] INFO:Examining child: dict_values([11, 'di', 'di', 'ADP', 'E', None, 13, 'case', None, None, defaultdict(<class 'set'>, {}), False])
[nouns:90] DEBUG:Adding Case feature with value Gen
[nouns:15] INFO:Examining child: dict_values([12, 'una', 'uno', 'DET', 'RI', {'Definite': 'Ind', 'Gender': 'Fem', 'Number': 'Sing', 'PronType': 'Art'}, 13, 'det', None, None, defaultdict(<class 'set'>, {}), False])
[nouns:44] DEBUG:Adding Gender feature with value Fem
[nouns:47] DEBUG:Adding Number feature with value Sing
[nouns:53] DEBUG:Adding Definite feature with value Ind
[italian:118] INFO:Processing head dict_values([10, 'tesi', 'tesi', 'NOUN', 'S', {'Gender': 'Fem'}, 8, 'obj', None, None, defaultdict(<class 'set'>, {}), False]) with children 'la'
[italian:135] DEBUG:Assigned 'Acc' case to head 'tesi' because its deprel is 'obj'
[nouns:10] DEBUG:Setting tesi/NOUN to content and copying its features
[nouns:15] INFO:Examining child: dict_values([9, 'la', 'il', 'DET', 'RD', {'Definite': 'Def', 'Gender': 'Fem', 'Number': 'Sing', 'PronType': 'Art'}, 10, 'det', None, None, defaultdict(<class 'set'>, {}), False])
[nouns:44] DEBUG:Adding Gender feature with value Fem
[nouns:47] DEBUG:Adding Number feature with value Sing
[nouns:53] DEBUG:Adding Definite feature with value Def
[italian:118] INFO:Processing head dict_values([8, 'accreditare', 'accreditare', 'VERB', 'V', {'VerbForm': 'Inf'}, 6, 'ccomp', None, None, defaultdict(<class 'set'>, {}), False]) with children 'ad'
[verbs:11] DEBUG:Setting accreditare/VERB to content node
[verbs:15] DEBUG:Setting Polarity as Pos
[verbs:19] INFO:Examining child: dict_values([7, 'ad', 'a', 'ADP', 'E', None, 8, 'mark', None, None, defaultdict(<class 'set'>, {}), False])
[verbs:93] DEBUG:Adding Case feature with value Pur
[italian:118] INFO:Processing head dict_values([16, 'che', 'che', 'SCONJ', 'CS', None, 21, 'mark', None, None, defaultdict(<class 'set'>, {}), False]) with children ''
[italian:118] INFO:Processing head dict_values([17, 'il', 'il', 'DET', 'RD', {'Definite': 'Def', 'Gender': 'Masc', 'Number': 'Sing', 'PronType': 'Art'}, 18, 'det', None, None, defaultdict(<class 'set'>, {}), False]) with children ''
[italian:118] INFO:Processing head dict_values([18, 'militare', 'militare', 'NOUN', 'S', {'Number': 'Sing'}, 21, 'nsubj', None, None, defaultdict(<class 'set'>, {}), False]) with children 'il'
[italian:125] DEBUG:Assigned 'Nom' case to head 'militare' because its deprel is 'nsubj'
[nouns:10] DEBUG:Setting militare/NOUN to content and copying its features
[nouns:15] INFO:Examining child: dict_values([17, 'il', 'il', 'DET', 'RD', {'Definite': 'Def', 'Gender': 'Masc', 'Number': 'Sing', 'PronType': 'Art'}, 18, 'det', None, None, defaultdict(<class 'set'>, {}), False])
[nouns:44] DEBUG:Adding Gender feature with value Masc
[nouns:47] DEBUG:Adding Number feature with value Sing
[nouns:53] DEBUG:Adding Definite feature with value Def
[italian:118] INFO:Processing head dict_values([19, 'volesse', 'volere', 'AUX', 'VM', {'Mood': 'Sub', 'Number': 'Sing', 'Person': '3', 'Tense': 'Imp', 'VerbForm': 'Fin'}, 21, 'aux', None, None, defaultdict(<class 'set'>, {}), False]) with children ''
[italian:118] INFO:Processing head dict_values([20, 'veramente', 'veramente', 'ADV', 'B', None, 21, 'advmod', None, None, defaultdict(<class 'set'>, {}), False]) with children ''
[advs:12] DEBUG:Setting node veramente/ADV to content and copying its features
[ita_utils:13] INFO:Node veramente/ADV has no features
[italian:118] INFO:Processing head dict_values([22, 'in', 'in', 'ADP', 'E', None, 23, 'case', None, None, defaultdict(<class 'set'>, {}), False]) with children ''
[italian:118] INFO:Processing head dict_values([23, 'pericolo', 'pericolo', 'NOUN', 'S', {'Gender': 'Masc', 'Number': 'Sing'}, 21, 'obl', None, None, defaultdict(<class 'set'>, {}), False]) with children 'in'
[nouns:10] DEBUG:Setting pericolo/NOUN to content and copying its features
[nouns:15] INFO:Examining child: dict_values([22, 'in', 'in', 'ADP', 'E', None, 23, 'case', None, None, defaultdict(<class 'set'>, {}), False])
[nouns:90] DEBUG:Adding Case feature with value Ine
[italian:118] INFO:Processing head dict_values([24, "l'", 'il', 'DET', 'RD', {'Definite': 'Def', 'Number': 'Sing', 'PronType': 'Art'}, 25, 'det', None, {'SpaceAfter': 'No'}, defaultdict(<class 'set'>, {}), False]) with children ''
[italian:118] INFO:Processing head dict_values([26, 'di', 'di', 'ADP', 'E', None, 28, 'case', None, None, defaultdict(<class 'set'>, {}), False]) with children ''
[italian:118] INFO:Processing head dict_values([27, 'il', 'il', 'DET', 'RD', {'Definite': 'Def', 'Gender': 'Masc', 'Number': 'Sing', 'PronType': 'Art'}, 28, 'det', None, None, defaultdict(<class 'set'>, {}), False]) with children ''
[italian:118] INFO:Processing head dict_values([29, 'Scalfaro', 'Scalfaro', 'PROPN', 'SP', None, 28, 'nmod', None, {'SpaceAfter': 'No'}, defaultdict(<class 'set'>, {}), False]) with children ''
[nouns:10] DEBUG:Setting Scalfaro/PROPN to content and copying its features
[ita_utils:13] INFO:Node Scalfaro/PROPN has no features
[italian:118] INFO:Processing head dict_values([28, 'presidente', 'presidente', 'NOUN', 'S', {'Gender': 'Masc', 'Number': 'Sing'}, 25, 'nmod', None, None, defaultdict(<class 'set'>, {}), False]) with children 'di | il'
[nouns:10] DEBUG:Setting presidente/NOUN to content and copying its features
[nouns:15] INFO:Examining child: dict_values([26, 'di', 'di', 'ADP', 'E', None, 28, 'case', None, None, defaultdict(<class 'set'>, {}), False])
[nouns:90] DEBUG:Adding Case feature with value Gen
[nouns:15] INFO:Examining child: dict_values([27, 'il', 'il', 'DET', 'RD', {'Definite': 'Def', 'Gender': 'Masc', 'Number': 'Sing', 'PronType': 'Art'}, 28, 'det', None, None, defaultdict(<class 'set'>, {}), False])
[nouns:44] DEBUG:Adding Gender feature with value Masc
[nouns:47] DEBUG:Adding Number feature with value Sing
[nouns:53] DEBUG:Adding Definite feature with value Def
[italian:118] INFO:Processing head dict_values([25, 'incolumità', 'incolumità', 'NOUN', 'S', {'Gender': 'Fem'}, 21, 'obj', None, None, defaultdict(<class 'set'>, {}), False]) with children 'l''
[italian:135] DEBUG:Assigned 'Acc' case to head 'incolumità' because its deprel is 'obj'
[nouns:10] DEBUG:Setting incolumità/NOUN to content and copying its features
[nouns:15] INFO:Examining child: dict_values([24, "l'", 'il', 'DET', 'RD', {'Definite': 'Def', 'Number': 'Sing', 'PronType': 'Art'}, 25, 'det', None, {'SpaceAfter': 'No'}, defaultdict(<class 'set'>, {}), False])
[nouns:47] DEBUG:Adding Number feature with value Sing
[nouns:53] DEBUG:Adding Definite feature with value Def
[italian:118] INFO:Processing head dict_values([21, 'mettere', 'mettere', 'VERB', 'V', {'VerbForm': 'Inf'}, 15, 'ccomp', None, None, defaultdict(<class 'set'>, {}), False]) with children 'che | volesse'
[verbs:11] DEBUG:Setting mettere/VERB to content node
[verbs:15] DEBUG:Setting Polarity as Pos
[verbs:19] INFO:Examining child: dict_values([16, 'che', 'che', 'SCONJ', 'CS', None, 21, 'mark', None, None, defaultdict(<class 'set'>, {}), False])
