[italian:50] INFO:Processing data/italian/minimal_sentences.conllu into data/italian/minimal_sentences.out.conllu
[italian:61] INFO:Processing sentence id: 1
[italian:68] INFO:Sentence content: Il gatto insegue il cane.
[italian:61] INFO:Processing sentence id: 2
[italian:68] INFO:Sentence content: Il gatto è il Presidente della Repubblica.
[italian:61] INFO:Processing sentence id: 3
[italian:68] INFO:Sentence content: Il gatto grigio è bello.
[italian:61] INFO:Processing sentence id: 4
[italian:68] INFO:Sentence content: Il gatto grigio è bellissimo.
[italian:61] INFO:Processing sentence id: 5
[italian:68] INFO:Sentence content: Il gatto grigio è più bello del gatto nero.
[italian:61] INFO:Processing sentence id: 6
[italian:68] INFO:Sentence content: Il cane è inseguito dal gatto.
[italian:61] INFO:Processing sentence id: 7
[italian:68] INFO:Sentence content: Il cane viene inseguito dal gatto.
[italian:61] INFO:Processing sentence id: 8
[italian:68] INFO:Sentence content: Il gatto non insegue il gatto.
[italian:61] INFO:Processing sentence id: 9
[italian:68] INFO:Sentence content: Insegue il cane.
[italian:61] INFO:Processing sentence id: 10
[italian:68] INFO:Sentence content: Lui insegue il cane.
[italian:61] INFO:Processing sentence id: 11
[italian:68] INFO:Sentence content: Il gatto grigio è il più bello.
[italian:61] INFO:Processing sentence id: 12
[italian:68] INFO:Sentence content: Il gatto gli passa la pallina.
[italian:61] INFO:Processing sentence id: 13
[italian:68] INFO:Sentence content: Il gatto lo insegue.
[italian:61] INFO:Processing sentence id: 14
[italian:68] INFO:Sentence content: Questo gatto insegue quel cane.
[italian:61] INFO:Processing sentence id: 15
[italian:68] INFO:Sentence content: Il gatto inseguiva il cane.
[italian:61] INFO:Processing sentence id: 16
[italian:68] INFO:Sentence content: Il gatto inseguì il cane.
[italian:61] INFO:Processing sentence id: 17
[italian:68] INFO:Sentence content: Il gatto inseguirà il cane.
[italian:61] INFO:Processing sentence id: 18
[italian:68] INFO:Sentence content: Il gatto ha inseguito il cane.
[italian:61] INFO:Processing sentence id: 19
[italian:68] INFO:Sentence content: Il gatto aveva inseguito il cane.
[italian:61] INFO:Processing sentence id: 20
[italian:68] INFO:Sentence content: Il gatto ebbe inseguito il cane.
[italian:61] INFO:Processing sentence id: 21
[italian:68] INFO:Sentence content: Il gatto avrà inseguito il cane.
[italian:61] INFO:Processing sentence id: 22
[italian:68] INFO:Sentence content: Il gatto inseguirebbe il cane.
[italian:61] INFO:Processing sentence id: 23
[italian:68] INFO:Sentence content: Il gatto avrebbe inseguito il cane.
[italian:61] INFO:Processing sentence id: 24
[italian:68] INFO:Sentence content: È possibile che il gatto insegua il cane.
[italian:61] INFO:Processing sentence id: 25
[italian:68] INFO:Sentence content: È possibile che il gatto inseguisse il cane.
[italian:61] INFO:Processing sentence id: 26
[italian:68] INFO:Sentence content: È possibile che il gatto abbia inseguito il cane.
[italian:61] INFO:Processing sentence id: 27
[italian:68] INFO:Sentence content: È possibile che il gatto avesse inseguito il cane.
[italian:61] INFO:Processing sentence id: 28
[italian:68] INFO:Sentence content: Inseguendo il cane, il gatto si è stancato.
[italian:61] INFO:Processing sentence id: 29
[italian:68] INFO:Sentence content: Nell'inseguire il cane, il gatto si è stancato.
[italian:61] INFO:Processing sentence id: 30
[italian:68] INFO:Sentence content: Il gatto sta inseguendo il cane.
[italian:61] INFO:Processing sentence id: 31
[italian:68] INFO:Sentence content: Il gatto stava inseguendo il cane.
[italian:61] INFO:Processing sentence id: 32
[italian:68] INFO:Sentence content: Il gatto non può inseguire il cane.
[italian:61] INFO:Processing sentence id: 33
[italian:68] INFO:Sentence content: Il gatto può non inseguire il cane.
[italian:61] INFO:Processing sentence id: 36
[italian:68] INFO:Sentence content: Il gatto può inseguire il cane.
[italian:61] INFO:Processing sentence id: 37
[italian:68] INFO:Sentence content: Il gatto vuole inseguire il cane.
[italian:61] INFO:Processing sentence id: 38
[italian:68] INFO:Sentence content: Il gatto deve inseguire il cane.
[italian:61] INFO:Processing sentence id: 39
[italian:68] INFO:Sentence content: Nessun cane può inseguire un gatto.
[italian:61] INFO:Processing sentence id: 40
[italian:68] INFO:Sentence content: È possibile che il cane sia inseguito dal gatto.
[italian:61] INFO:Processing sentence id: 41
[italian:68] INFO:Sentence content: Nell'essere inseguito, il cane si è stancato.
[italian:61] INFO:Processing sentence id: 42
[italian:68] INFO:Sentence content: Il gatto ha potuto inseguire il cane.
[italian:61] INFO:Processing sentence id: 43
[italian:68] INFO:Sentence content: Il gatto ha voluto inseguire il cane.
[italian:61] INFO:Processing sentence id: 44
[italian:68] INFO:Sentence content: Il gatto ha dovuto inseguire il cane.
[italian:61] INFO:Processing sentence id: 45
[italian:68] INFO:Sentence content: Nell'essere stato inseguito, il cane si è stancato.
[italian:61] INFO:Processing sentence id: 46
[italian:68] INFO:Sentence content: Nel non poter essere stato inseguito, il cane si è stancato.
[italian:61] INFO:Processing sentence id: 47
[italian:68] INFO:Sentence content: Il gatto vuole inseguire il cane.
[italian:61] INFO:Processing sentence id: 48
[italian:68] INFO:Sentence content: Il gatto ha voluto inseguire il cane.
[italian:61] INFO:Processing sentence id: 49
[italian:68] INFO:Sentence content: Il gatto volle inseguire il cane.
[italian:61] INFO:Processing sentence id: 50
[italian:68] INFO:Sentence content: Il gatto voleva inseguire il cane.
[italian:61] INFO:Processing sentence id: 51
[italian:68] INFO:Sentence content: Il gatto aveva voluto inseguire il cane.
[italian:61] INFO:Processing sentence id: 52
[italian:68] INFO:Sentence content: Il gatto ebbe voluto inseguire il cane.
[italian:61] INFO:Processing sentence id: 53
[italian:68] INFO:Sentence content: Il gatto vorrà inseguire il cane.
[italian:61] INFO:Processing sentence id: 54
[italian:68] INFO:Sentence content: Il gatto avrà voluto inseguire il cane.
[italian:61] INFO:Processing sentence id: 55
[italian:68] INFO:Sentence content: È possibile che il gatto voglia inseguire il cane.
[italian:61] INFO:Processing sentence id: 56
[italian:68] INFO:Sentence content: È possibile che il gatto volesse inseguire il cane.
[italian:61] INFO:Processing sentence id: 57
[italian:68] INFO:Sentence content: È possibile che il gatto abbia voluto inseguire il cane.
[italian:61] INFO:Processing sentence id: 58
[italian:68] INFO:Sentence content: È possibile che il gatto avesse voluto inseguire il cane.
[italian:61] INFO:Processing sentence id: 59
[italian:68] INFO:Sentence content: È possibile che il cane abbia voluto essere inseguito dal gatto.
[italian:61] INFO:Processing sentence id: 60
[italian:68] INFO:Sentence content: Il gatto vorrebbe inseguire il cane.
[italian:61] INFO:Processing sentence id: 61
[italian:68] INFO:Sentence content: Il gatto avrebbe voluto inseguire il cane.
[italian:61] INFO:Processing sentence id: 62
[italian:68] INFO:Sentence content: Il gatto vuole aver inseguito il cane.
[italian:61] INFO:Processing sentence id: 63
[italian:68] INFO:Sentence content: Il gatto non può essere inseguito dal cane.
[italian:61] INFO:Processing sentence id: 64
[italian:68] INFO:Sentence content: Il gatto non può essere stato inseguito dal cane.
[italian:61] INFO:Processing sentence id: 65
[italian:68] INFO:Sentence content: Il gatto deve star inseguendo il cane.
[italian:61] INFO:Processing sentence id: 67
[italian:68] INFO:Sentence content: Il cane è inseguito dal gatto.
[italian:61] INFO:Processing sentence id: 68
[italian:68] INFO:Sentence content: Il cane è stato inseguito dal gatto.
[italian:61] INFO:Processing sentence id: 69
[italian:68] INFO:Sentence content: Il cane era inseguito dal gatto.
[italian:61] INFO:Processing sentence id: 70
[italian:68] INFO:Sentence content: Il cane era stato inseguito dal gatto.
[italian:61] INFO:Processing sentence id: 71
[italian:68] INFO:Sentence content: Il cane fu inseguito.
[italian:61] INFO:Processing sentence id: 72
[italian:68] INFO:Sentence content: Il cane fu stato inseguito.
[italian:61] INFO:Processing sentence id: 73
[italian:68] INFO:Sentence content: Il cane sarà inseguito.
[italian:61] INFO:Processing sentence id: 74
[italian:68] INFO:Sentence content: Il cane sarà stato inseguito.
[italian:61] INFO:Processing sentence id: 75
[italian:68] INFO:Sentence content: Il cane sarebbe inseguito dal gatto.
[italian:61] INFO:Processing sentence id: 76
[italian:68] INFO:Sentence content: Il cane sarebbe stato inseguito.
[italian:61] INFO:Processing sentence id: 77
[italian:68] INFO:Sentence content: È possibile che il cane fosse inseguito.
[italian:61] INFO:Processing sentence id: 78
[italian:68] INFO:Sentence content: È possibile che il cane fosse stato inseguito.
[italian:61] INFO:Processing sentence id: 79
[italian:68] INFO:Sentence content: Nell’inseguire, il gatto si è stancato.
[italian:61] INFO:Processing sentence id: 80
[italian:68] INFO:Sentence content: Nell’aver inseguito, il gatto si è stancato.
[italian:61] INFO:Processing sentence id: 81
[italian:68] INFO:Sentence content: Avendo inseguito il cane, il gatto si è stancato.
[italian:61] INFO:Processing sentence id: 82
[italian:68] INFO:Sentence content: Il cane e il gatto sono belli.
[italian:61] INFO:Processing sentence id: 83
[italian:68] INFO:Sentence content: Il più delle volte il gatto insegue il cane.
[italian:61] INFO:Processing sentence id: 84
[italian:68] INFO:Sentence content: Il gatto non è il Presidente della Repubblica.
[italian:61] INFO:Processing sentence id: 85
[italian:68] INFO:Sentence content: Il gatto era il Presidente della Repubblica.
[italian:61] INFO:Processing sentence id: 86
[italian:68] INFO:Sentence content: Il gatto è stato il Presidente della Repubblica.
[italian:61] INFO:Processing sentence id: 87
[italian:68] INFO:Sentence content: Il gatto sarà il Presidente della Repubblica.
[italian:61] INFO:Processing sentence id: 88
[italian:68] INFO:Sentence content: Il gatto sarà stato il Presidente della Repubblica.
[ita_utils:13] INFO:Node Repubblica/PROPN has no features
[italian:61] INFO:Processing sentence id: 89
[italian:68] INFO:Sentence content: Il gatto può essere stato il Presidente della Repubblica.
[italian:61] INFO:Processing sentence id: 90
[italian:68] INFO:Sentence content: Il gatto può non essere il Presidente della Repubblica.
[italian:61] INFO:Processing sentence id: 91
[italian:68] INFO:Sentence content: Il gatto non può essere il Presidente della Repubblica.
[italian:61] INFO:Processing sentence id: 92
[italian:68] INFO:Sentence content: Il gatto non può non essere il Presidente della Repubblica.
[italian:61] INFO:Processing sentence id: 93
[italian:68] INFO:Sentence content: Il gatto è non bello.
[italian:61] INFO:Processing sentence id: 94
[italian:68] INFO:Sentence content: Il gatto può essere non bello.
[italian:61] INFO:Processing sentence id: 95
[italian:68] INFO:Sentence content: Il gatto non può essere non bello.
[italian:61] INFO:Processing sentence id: 96
[italian:68] INFO:Sentence content: Il cane e la gatta sono belli.
